{
"contracts/TFContractRegistry.sol":{"l":{"42":31,"46":30,"53":18,"54":18,"58":37,"62":12,"63":12,"67":3,"68":3,"72":12,"74":12,"75":12,"76":6,"77":1,"78":1,"79":1,"83":12,"84":11,"90":12,"94":3,"96":3,"97":4,"98":3,"102":3,"106":3,"107":1,"109":3,"113":7,"117":1,"121":15,"125":1},"path":"/Users/hagen/workspace/token-forge/contracts/tf-contract-registry/contracts/TFContractRegistry.sol","s":{"1":31,"2":18,"3":18,"4":37,"5":12,"6":12,"7":3,"8":3,"9":12,"10":12,"11":12,"12":6,"13":1,"14":1,"15":12,"16":11,"17":12,"18":3,"19":4,"20":3,"21":3,"22":3,"23":1,"24":3,"25":7,"26":1,"27":15,"28":1},"b":{"1":[30,1],"2":[1,5],"3":[11,1],"4":[3,1]},"f":{"1":31,"2":18,"3":37,"4":12,"5":3,"6":12,"7":3,"8":3,"9":7,"10":1,"11":15,"12":1},"fnMap":{"1":{"name":"onlyRegistrar","line":41,"loc":{"start":{"line":41,"column":4},"end":{"line":47,"column":4}}},"2":{"name":"constructor","line":52,"loc":{"start":{"line":52,"column":4},"end":{"line":55,"column":4}}},"3":{"name":"getHashForKey","line":57,"loc":{"start":{"line":57,"column":4},"end":{"line":59,"column":4}}},"4":{"name":"registerContract","line":61,"loc":{"start":{"line":61,"column":4},"end":{"line":64,"column":4}}},"5":{"name":"deleteContract","line":66,"loc":{"start":{"line":66,"column":4},"end":{"line":69,"column":4}}},"6":{"name":"registerContractByHash","line":71,"loc":{"start":{"line":71,"column":4},"end":{"line":91,"column":4}}},"7":{"name":"deleteContractByHash","line":93,"loc":{"start":{"line":93,"column":4},"end":{"line":103,"column":4}}},"8":{"name":"_removeItemInArray","line":105,"loc":{"start":{"line":105,"column":4},"end":{"line":110,"column":4}}},"9":{"name":"getContract","line":112,"loc":{"start":{"line":112,"column":4},"end":{"line":114,"column":4}}},"10":{"name":"getContractByHash","line":116,"loc":{"start":{"line":116,"column":4},"end":{"line":118,"column":4}}},"11":{"name":"getContracts","line":120,"loc":{"start":{"line":120,"column":4},"end":{"line":122,"column":4}}},"12":{"name":"getContractsByHash","line":124,"loc":{"start":{"line":124,"column":4},"end":{"line":126,"column":4}}}},"statementMap":{"1":{"start":{"line":42,"column":8},"end":{"line":42,"column":1385}},"2":{"start":{"line":53,"column":8},"end":{"line":53,"column":51}},"3":{"start":{"line":54,"column":8},"end":{"line":54,"column":47}},"4":{"start":{"line":58,"column":8},"end":{"line":58,"column":47}},"5":{"start":{"line":62,"column":8},"end":{"line":62,"column":42}},"6":{"start":{"line":63,"column":8},"end":{"line":63,"column":57}},"7":{"start":{"line":67,"column":8},"end":{"line":67,"column":42}},"8":{"start":{"line":68,"column":8},"end":{"line":68,"column":45}},"9":{"start":{"line":72,"column":8},"end":{"line":72,"column":55}},"10":{"start":{"line":74,"column":8},"end":{"line":74,"column":28}},"11":{"start":{"line":75,"column":8},"end":{"line":75,"column":2617}},"12":{"start":{"line":76,"column":12},"end":{"line":76,"column":2687}},"13":{"start":{"line":77,"column":16},"end":{"line":77,"column":60}},"14":{"start":{"line":78,"column":16},"end":{"line":78,"column":29}},"15":{"start":{"line":83,"column":8},"end":{"line":83,"column":2890}},"16":{"start":{"line":84,"column":12},"end":{"line":84,"column":2923}},"17":{"start":{"line":90,"column":8},"end":{"line":90,"column":69}},"18":{"start":{"line":96,"column":8},"end":{"line":96,"column":3307}},"19":{"start":{"line":97,"column":12},"end":{"line":97,"column":3377}},"20":{"start":{"line":98,"column":16},"end":{"line":98,"column":41}},"21":{"start":{"line":102,"column":8},"end":{"line":102,"column":56}},"22":{"start":{"line":106,"column":8},"end":{"line":106,"column":3639}},"23":{"start":{"line":107,"column":12},"end":{"line":107,"column":52}},"24":{"start":{"line":109,"column":8},"end":{"line":109,"column":28}},"25":{"start":{"line":113,"column":8},"end":{"line":113,"column":67}},"26":{"start":{"line":117,"column":8},"end":{"line":117,"column":52}},"27":{"start":{"line":121,"column":8},"end":{"line":121,"column":45}},"28":{"start":{"line":125,"column":8},"end":{"line":125,"column":30}}},"branchMap":{"1":{"line":42,"type":"if","locations":[{"start":{"line":42,"column":8},"end":{"line":42,"column":8}},{"start":{"line":42,"column":8},"end":{"line":42,"column":8}}]},"2":{"line":76,"type":"if","locations":[{"start":{"line":76,"column":12},"end":{"line":76,"column":12}},{"start":{"line":76,"column":12},"end":{"line":76,"column":12}}]},"3":{"line":83,"type":"if","locations":[{"start":{"line":83,"column":8},"end":{"line":83,"column":8}},{"start":{"line":83,"column":8},"end":{"line":83,"column":8}}]},"4":{"line":97,"type":"if","locations":[{"start":{"line":97,"column":12},"end":{"line":97,"column":12}},{"start":{"line":97,"column":12},"end":{"line":97,"column":12}}]}}}}
