{
"contracts/TFContractRegistry.sol":{"l":{"26":9,"30":8,"37":6,"38":6,"42":9,"46":4,"47":4,"51":4,"52":4,"57":4,"61":3,"65":1,"69":2,"73":1},"path":"/Users/hagen/workspace/token-forge/contracts/tf-contract-registry/contracts/TFContractRegistry.sol","s":{"1":9,"2":6,"3":6,"4":9,"5":4,"6":4,"7":4,"8":4,"9":4,"10":3,"11":1,"12":2,"13":1},"b":{"1":[8,1]},"f":{"1":9,"2":6,"3":9,"4":4,"5":4,"6":3,"7":1,"8":2,"9":1},"fnMap":{"1":{"name":"onlyRegistrar","line":25,"loc":{"start":{"line":25,"column":4},"end":{"line":31,"column":4}}},"2":{"name":"constructor","line":36,"loc":{"start":{"line":36,"column":4},"end":{"line":39,"column":4}}},"3":{"name":"getHashForKey","line":41,"loc":{"start":{"line":41,"column":4},"end":{"line":43,"column":4}}},"4":{"name":"registerContract","line":45,"loc":{"start":{"line":45,"column":4},"end":{"line":48,"column":4}}},"5":{"name":"registerContractByHash","line":50,"loc":{"start":{"line":50,"column":4},"end":{"line":58,"column":4}}},"6":{"name":"getContract","line":60,"loc":{"start":{"line":60,"column":4},"end":{"line":62,"column":4}}},"7":{"name":"getContractByHash","line":64,"loc":{"start":{"line":64,"column":4},"end":{"line":66,"column":4}}},"8":{"name":"getContracts","line":68,"loc":{"start":{"line":68,"column":4},"end":{"line":70,"column":4}}},"9":{"name":"getContractsByHash","line":72,"loc":{"start":{"line":72,"column":4},"end":{"line":74,"column":4}}}},"statementMap":{"1":{"start":{"line":26,"column":8},"end":{"line":26,"column":787}},"2":{"start":{"line":37,"column":8},"end":{"line":37,"column":51}},"3":{"start":{"line":38,"column":8},"end":{"line":38,"column":47}},"4":{"start":{"line":42,"column":8},"end":{"line":42,"column":47}},"5":{"start":{"line":46,"column":8},"end":{"line":46,"column":42}},"6":{"start":{"line":47,"column":8},"end":{"line":47,"column":57}},"7":{"start":{"line":51,"column":8},"end":{"line":51,"column":55}},"8":{"start":{"line":52,"column":8},"end":{"line":52,"column":1803}},"9":{"start":{"line":57,"column":8},"end":{"line":57,"column":69}},"10":{"start":{"line":61,"column":8},"end":{"line":61,"column":67}},"11":{"start":{"line":65,"column":8},"end":{"line":65,"column":52}},"12":{"start":{"line":69,"column":8},"end":{"line":69,"column":45}},"13":{"start":{"line":73,"column":8},"end":{"line":73,"column":30}}},"branchMap":{"1":{"line":26,"type":"if","locations":[{"start":{"line":26,"column":8},"end":{"line":26,"column":8}},{"start":{"line":26,"column":8},"end":{"line":26,"column":8}}]}}}}
