TN:
SF:/Users/hagen/workspace/token-forge/contracts/tf-contract-registry/contracts/TFContractRegistry.sol
FN:41,onlyRegistrar
FN:52,constructor
FN:57,getHashForKey
FN:61,registerContract
FN:66,deleteContract
FN:71,registerContractByHash
FN:93,deleteContractByHash
FN:105,_removeItemInArray
FN:112,getContract
FN:116,getContractByHash
FN:120,getContracts
FN:124,getContractsByHash
FNF:12
FNH:12
FNDA:31,onlyRegistrar
FNDA:18,constructor
FNDA:37,getHashForKey
FNDA:12,registerContract
FNDA:3,deleteContract
FNDA:12,registerContractByHash
FNDA:3,deleteContractByHash
FNDA:3,_removeItemInArray
FNDA:7,getContract
FNDA:1,getContractByHash
FNDA:15,getContracts
FNDA:1,getContractsByHash
DA:42,31
DA:46,30
DA:53,18
DA:54,18
DA:58,37
DA:62,12
DA:63,12
DA:67,3
DA:68,3
DA:72,12
DA:74,12
DA:75,12
DA:76,6
DA:77,1
DA:78,1
DA:79,1
DA:83,12
DA:84,11
DA:90,12
DA:94,3
DA:96,3
DA:97,4
DA:98,3
DA:102,3
DA:106,3
DA:107,1
DA:109,3
DA:113,7
DA:117,1
DA:121,15
DA:125,1
LF:31
LH:31
BRDA:42,1,0,30
BRDA:42,1,1,1
BRDA:76,2,0,1
BRDA:76,2,1,5
BRDA:83,3,0,11
BRDA:83,3,1,1
BRDA:97,4,0,3
BRDA:97,4,1,1
BRF:8
BRH:8
end_of_record
