TN:
SF:/Users/hagen/workspace/token-forge/contracts/tf-contract-registry/contracts/TFContractRegistry.sol
FN:25,onlyRegistrar
FN:36,constructor
FN:41,getHashForKey
FN:45,registerContract
FN:50,registerContractByHash
FN:60,getContract
FN:64,getContractByHash
FN:68,getContracts
FN:72,getContractsByHash
FNF:9
FNH:9
FNDA:9,onlyRegistrar
FNDA:6,constructor
FNDA:9,getHashForKey
FNDA:4,registerContract
FNDA:4,registerContractByHash
FNDA:3,getContract
FNDA:1,getContractByHash
FNDA:2,getContracts
FNDA:1,getContractsByHash
DA:26,9
DA:30,8
DA:37,6
DA:38,6
DA:42,9
DA:46,4
DA:47,4
DA:51,4
DA:52,4
DA:57,4
DA:61,3
DA:65,1
DA:69,2
DA:73,1
LF:14
LH:14
BRDA:26,1,0,8
BRDA:26,1,1,1
BRF:2
BRH:2
end_of_record
